#
# There is insufficient memory for the Java Runtime Environment to continue.
# Native memory allocation (malloc) failed to allocate 4092 bytes for AllocateHeap
# Possible reasons:
#   The system is out of physical RAM or swap space
#   In 32 bit mode, the process size limit was hit
# Possible solutions:
#   Reduce memory load on the system
#   Increase physical memory or swap space
#   Check if swap backing store is full
#   Use 64 bit Java on a 64 bit OS
#   Decrease Java heap size (-Xmx/-Xms)
#   Decrease number of Java threads
#   Decrease Java thread stack sizes (-Xss)
#   Set larger code cache with -XX:ReservedCodeCacheSize=
# This output file may be truncated or incomplete.
#
#  Out of Memory Error (memory/allocation.inline.hpp:61), pid=8172, tid=7824
#
# JRE version: Java(TM) SE Runtime Environment (8.0_60-b27) (build 1.8.0_60-b27)
# Java VM: Java HotSpot(TM) Client VM (25.60-b23 mixed mode windows-x86 )
# Failed to write core dump. Minidumps are not enabled by default on client versions of Windows
#

---------------  T H R E A D  ---------------

Current thread (0x0112c400):  VMThread [stack: 0x01130000,0x01180000] [id=7824]

Stack: [0x01130000,0x01180000],  sp=0x0117ecc0,  free space=315k
Native frames: (J=compiled Java code, j=interpreted, Vv=VM code, C=native code)
V  [jvm.dll+0x1a7dbb]
V  [jvm.dll+0x1a0668]
V  [jvm.dll+0x934ad]
V  [jvm.dll+0x272e7f]
V  [jvm.dll+0xbc59b]
V  [jvm.dll+0xd16d8]
V  [jvm.dll+0xd184d]
V  [jvm.dll+0x1b3341]
V  [jvm.dll+0x1b353c]
V  [jvm.dll+0x178483]
V  [jvm.dll+0x176fba]
V  [jvm.dll+0x97020]
V  [jvm.dll+0x98311]
V  [jvm.dll+0x9a080]
V  [jvm.dll+0x9a4e9]
V  [jvm.dll+0x9930f]
V  [jvm.dll+0xa5502]
V  [jvm.dll+0x97ee3]
V  [jvm.dll+0x91eb5]
V  [jvm.dll+0x1b6756]
V  [jvm.dll+0x180f0b]
V  [jvm.dll+0x180321]
V  [jvm.dll+0x180737]
V  [jvm.dll+0x180932]
V  [jvm.dll+0x1c0466]
C  [msvcr100.dll+0x5c556]
C  [msvcr100.dll+0x5c600]
C  [KERNEL32.DLL+0x4198]
C  [ntdll.dll+0x532d1]
C  [ntdll.dll+0x5329f]

VM_Operation (0x44f2ecf8): GenCollectForAllocation, mode: safepoint, requested by thread 0x44bd6c00


---------------  P R O C E S S  ---------------

Java Threads: ( => current thread )
  0x44bdc000 JavaThread "pool-2-thread-1" [_thread_blocked, id=6960, stack(0x44f30000,0x44f80000)]
  0x44bd6c00 JavaThread "pool-1-thread-1" [_thread_blocked, id=6612, stack(0x44ee0000,0x44f30000)]
  0x44a9ec00 JavaThread "Service Thread" daemon [_thread_blocked, id=7496, stack(0x44e40000,0x44e90000)]
  0x44aa8000 JavaThread "C1 CompilerThread0" daemon [_thread_blocked, id=6168, stack(0x44df0000,0x44e40000)]
  0x44aa7000 JavaThread "Attach Listener" daemon [_thread_blocked, id=7952, stack(0x44da0000,0x44df0000)]
  0x44aa5000 JavaThread "Signal Dispatcher" daemon [_thread_blocked, id=6624, stack(0x44d50000,0x44da0000)]
  0x44a76c00 JavaThread "Finalizer" daemon [_thread_blocked, id=7100, stack(0x01360000,0x013b0000)]
  0x44a72400 JavaThread "Reference Handler" daemon [_thread_blocked, id=7048, stack(0x012f0000,0x01340000)]
  0x0135b800 JavaThread "main" [_thread_blocked, id=7704, stack(0x00c30000,0x00c80000)]

Other Threads:
=>0x0112c400 VMThread [stack: 0x01130000,0x01180000] [id=7824]
  0x44ac3800 WatcherThread [stack: 0x44e90000,0x44ee0000] [id=6684]

VM state:at safepoint (normal execution)

VM Mutex/Monitor currently owned by a thread:  ([mutex/lock_event])
[0x0135a1f8] Threads_lock - owner thread: 0x0112c400
[0x0135a938] Heap_lock - owner thread: 0x44bd6c00

Heap:
 def new generation   total 6976K, used 6975K [0x04400000, 0x04b90000, 0x19950000)
  eden space 6208K, 100% used [0x04400000, 0x04a10000, 0x04a10000)
  from space 768K,  99% used [0x04a10000, 0x04acfff8, 0x04ad0000)
  to   space 768K,   0% used [0x04ad0000, 0x04ad0000, 0x04b90000)
 tenured generation   total 16544K, used 16452K [0x19950000, 0x1a978000, 0x44400000)
   the space 16544K,  99% used [0x19950000, 0x1a9610a0, 0x1a961200, 0x1a978000)
 Metaspace       used 3398K, capacity 3494K, committed 3520K, reserved 4480K

Card table byte_map: [0x44400000,0x44610000] byte_map_base: 0x443de000

Polling page: 0x00c00000

CodeCache: size=32768Kb used=2343Kb max_used=2343Kb free=30424Kb
 bounds [0x023e0000, 0x02630000, 0x043e0000]
 total_blobs=1043 nmethods=898 adapters=75
 compilation: enabled

Compilation events (10 events):
Event: 3.168 Thread 0x44aa8000  896             com.android.dx.cf.iface.StdMethodList::get (9 bytes)
Event: 3.169 Thread 0x44aa8000 nmethod 896 0x02629288 code [0x02629390, 0x0262946c]
Event: 3.169 Thread 0x44aa8000  897             java.util.Collections$UnmodifiableCollection::<init> (22 bytes)
Event: 3.169 Thread 0x44aa8000 nmethod 897 0x02629508 code [0x02629610, 0x0262970c]
Event: 3.181 Thread 0x44aa8000  898             com.android.dx.rop.type.StdTypeList::<init> (6 bytes)
Event: 3.181 Thread 0x44aa8000 nmethod 898 0x02629788 code [0x02629880, 0x0262990c]
Event: 3.191 Thread 0x44aa8000  899   !         java.lang.ref.ReferenceQueue::poll (28 bytes)
Event: 3.191 Thread 0x44aa8000 nmethod 899 0x02629988 code [0x02629a90, 0x02629cbc]
Event: 3.194 Thread 0x44aa8000  900             com.android.dx.cf.direct.DirectClassFile::parseToEndIfNecessary (12 bytes)
Event: 3.195 Thread 0x44aa8000 nmethod 900 0x02629d88 code [0x02629e80, 0x02629f1c]

GC Heap History (10 events):
Event: 2.662 GC heap after
Heap after GC invocations=21 (full 4):
 def new generation   total 6272K, used 639K [0x04400000, 0x04ac0000, 0x19950000)
  eden space 5632K,   0% used [0x04400000, 0x04400000, 0x04980000)
  from space 640K,  99% used [0x04a20000, 0x04abfff8, 0x04ac0000)
  to   space 640K,   0% used [0x04980000, 0x04980000, 0x04a20000)
 tenured generation   total 13760K, used 12245K [0x19950000, 0x1a6c0000, 0x44400000)
   the space 13760K,  88% used [0x19950000, 0x1a5456e0, 0x1a545800, 0x1a6c0000)
 Metaspace       used 3397K, capacity 3494K, committed 3520K, reserved 4480K
}
Event: 2.728 GC heap before
{Heap before GC invocations=21 (full 4):
 def new generation   total 6272K, used 6271K [0x04400000, 0x04ac0000, 0x19950000)
  eden space 5632K, 100% used [0x04400000, 0x04980000, 0x04980000)
  from space 640K,  99% used [0x04a20000, 0x04abfff8, 0x04ac0000)
  to   space 640K,   0% used [0x04980000, 0x04980000, 0x04a20000)
 tenured generation   total 13760K, used 12245K [0x19950000, 0x1a6c0000, 0x44400000)
   the space 13760K,  88% used [0x19950000, 0x1a5456e0, 0x1a545800, 0x1a6c0000)
 Metaspace       used 3397K, capacity 3494K, committed 3520K, reserved 4480K
Event: 2.735 GC heap after
Heap after GC invocations=22 (full 4):
 def new generation   total 6272K, used 639K [0x04400000, 0x04ac0000, 0x19950000)
  eden space 5632K,   0% used [0x04400000, 0x04400000, 0x04980000)
  from space 640K,  99% used [0x04980000, 0x04a1fff8, 0x04a20000)
  to   space 640K,   0% used [0x04a20000, 0x04a20000, 0x04ac0000)
 tenured generation   total 13760K, used 13199K [0x19950000, 0x1a6c0000, 0x44400000)
   the space 13760K,  95% used [0x19950000, 0x1a633f20, 0x1a634000, 0x1a6c0000)
 Metaspace       used 3397K, capacity 3494K, committed 3520K, reserved 4480K
}
Event: 2.798 GC heap before
{Heap before GC invocations=22 (full 4):
 def new generation   total 6272K, used 6271K [0x04400000, 0x04ac0000, 0x19950000)
  eden space 5632K, 100% used [0x04400000, 0x04980000, 0x04980000)
  from space 640K,  99% used [0x04980000, 0x04a1fff8, 0x04a20000)
  to   space 640K,   0% used [0x04a20000, 0x04a20000, 0x04ac0000)
 tenured generation   total 13760K, used 13199K [0x19950000, 0x1a6c0000, 0x44400000)
   the space 13760K,  95% used [0x19950000, 0x1a633f20, 0x1a634000, 0x1a6c0000)
 Metaspace       used 3397K, capacity 3494K, committed 3520K, reserved 4480K
Event: 2.859 GC heap after
Heap after GC invocations=23 (full 5):
 def new generation   total 6464K, used 630K [0x04400000, 0x04b00000, 0x19950000)
  eden space 5760K,  10% used [0x04400000, 0x0449d918, 0x049a0000)
  from space 704K,   0% used [0x049a0000, 0x049a0000, 0x04a50000)
  to   space 704K,   0% used [0x04a50000, 0x04a50000, 0x04b00000)
 tenured generation   total 14272K, used 14271K [0x19950000, 0x1a740000, 0x44400000)
   the space 14272K,  99% used [0x19950000, 0x1a73fff8, 0x1a740000, 0x1a740000)
 Metaspace       used 3397K, capacity 3494K, committed 3520K, reserved 4480K
}
Event: 2.987 GC heap before
{Heap before GC invocations=23 (full 5):
 def new generation   total 6464K, used 5760K [0x04400000, 0x04b00000, 0x19950000)
  eden space 5760K, 100% used [0x04400000, 0x049a0000, 0x049a0000)
  from space 704K,   0% used [0x049a0000, 0x049a0000, 0x04a50000)
  to   space 704K,   0% used [0x04a50000, 0x04a50000, 0x04b00000)
 tenured generation   total 14272K, used 14271K [0x19950000, 0x1a740000, 0x44400000)
   the space 14272K,  99% used [0x19950000, 0x1a73fff8, 0x1a740000, 0x1a740000)
 Metaspace       used 3397K, capacity 3494K, committed 3520K, reserved 4480K
Event: 3.062 GC heap after
Heap after GC invocations=24 (full 6):
 def new generation   total 6976K, used 0K [0x04400000, 0x04b90000, 0x19950000)
  eden space 6208K,   0% used [0x04400000, 0x04400000, 0x04a10000)
  from space 768K,   0% used [0x04a10000, 0x04a10000, 0x04ad0000)
  to   space 768K,   0% used [0x04ad0000, 0x04ad0000, 0x04b90000)
 tenured generation   total 15424K, used 15271K [0x19950000, 0x1a860000, 0x44400000)
   the space 15424K,  99% used [0x19950000, 0x1a839fb8, 0x1a83a000, 0x1a860000)
 Metaspace       used 3397K, capacity 3494K, committed 3520K, reserved 4480K
}
Event: 3.087 GC heap before
{Heap before GC invocations=24 (full 6):
 def new generation   total 6976K, used 6208K [0x04400000, 0x04b90000, 0x19950000)
  eden space 6208K, 100% used [0x04400000, 0x04a10000, 0x04a10000)
  from space 768K,   0% used [0x04a10000, 0x04a10000, 0x04ad0000)
  to   space 768K,   0% used [0x04ad0000, 0x04ad0000, 0x04b90000)
 tenured generation   total 15424K, used 15271K [0x19950000, 0x1a860000, 0x44400000)
   the space 15424K,  99% used [0x19950000, 0x1a839fb8, 0x1a83a000, 0x1a860000)
 Metaspace       used 3398K, capacity 3494K, committed 3520K, reserved 4480K
Event: 3.153 GC heap after
Heap after GC invocations=25 (full 7):
 def new generation   total 6976K, used 625K [0x04400000, 0x04b90000, 0x19950000)
  eden space 6208K,  10% used [0x04400000, 0x0449c4d0, 0x04a10000)
  from space 768K,   0% used [0x04ad0000, 0x04ad0000, 0x04b90000)
  to   space 768K,   0% used [0x04a10000, 0x04a10000, 0x04ad0000)
 tenured generation   total 15680K, used 15679K [0x19950000, 0x1a8a0000, 0x44400000)
   the space 15680K,  99% used [0x19950000, 0x1a89ff30, 0x1a8a0000, 0x1a8a0000)
 Metaspace       used 3398K, capacity 3494K, committed 3520K, reserved 4480K
}
Event: 3.201 GC heap before
{Heap before GC invocations=25 (full 7):
 def new generation   total 6976K, used 6208K [0x04400000, 0x04b90000, 0x19950000)
  eden space 6208K, 100% used [0x04400000, 0x04a10000, 0x04a10000)
  from space 768K,   0% used [0x04ad0000, 0x04ad0000, 0x04b90000)
  to   space 768K,   0% used [0x04a10000, 0x04a10000, 0x04ad0000)
 tenured generation   total 15680K, used 15679K [0x19950000, 0x1a8a0000, 0x44400000)
   the space 15680K,  99% used [0x19950000, 0x1a89ff30, 0x1a8a0000, 0x1a8a0000)
 Metaspace       used 3398K, capacity 3494K, committed 3520K, reserved 4480K

Deoptimization events (0 events):
No events

Internal exceptions (5 events):
Event: 0.176 Thread 0x0135b800 Exception <a 'java/lang/NoSuchMethodError': Method sun.misc.Unsafe.defineClass(Ljava/lang/String;[BII)Ljava/lang/Class; name or signature does not match> (0x04410670) thrown at [D:\re\puppet\workspace\8-2-build-windows-i586-cygwin\jdk8u60\4407\hotspot\src\K½ë,˜Æ?
Event: 0.177 Thread 0x0135b800 Exception <a 'java/lang/NoSuchMethodError': Method sun.misc.Unsafe.prefetchRead(Ljava/lang/Object;J)V name or signature does not match> (0x04410940) thrown at [D:\re\puppet\workspace\8-2-build-windows-i586-cygwin\jdk8u60\4407\hotspot\src\share\vm\prims\jni²ÙÚŠ»
Event: 2.092 Thread 0x0135b800 Exception <a 'java/lang/ArrayIndexOutOfBoundsException': 18> (0x047fabf8) thrown at [D:\re\puppet\workspace\8-2-build-windows-i586-cygwin\jdk8u60\4407\hotspot\src\share\vm\interpreter\interpreterRuntime.cpp, line 366]
Event: 2.092 Thread 0x0135b800 Exception <a 'java/lang/ArrayIndexOutOfBoundsException': 145> (0x047fc498) thrown at [D:\re\puppet\workspace\8-2-build-windows-i586-cygwin\jdk8u60\4407\hotspot\src\share\vm\interpreter\interpreterRuntime.cpp, line 366]
Event: 2.093 Thread 0x0135b800 Exception <a 'java/lang/ArrayIndexOutOfBoundsException': 40> (0x047fd578) thrown at [D:\re\puppet\workspace\8-2-build-windows-i586-cygwin\jdk8u60\4407\hotspot\src\share\vm\interpreter\interpreterRuntime.cpp, line 366]

Events (10 events):
Event: 2.735 Executing VM operation: GenCollectForAllocation done
Event: 2.798 Executing VM operation: GenCollectForAllocation
Event: 2.859 Executing VM operation: GenCollectForAllocation done
Event: 2.987 Executing VM operation: GenCollectForAllocation
Event: 3.062 Executing VM operation: GenCollectForAllocation done
Event: 3.067 loading class com/android/dx/cf/attrib/AttDeprecated
Event: 3.067 loading class com/android/dx/cf/attrib/AttDeprecated done
Event: 3.087 Executing VM operation: GenCollectForAllocation
Event: 3.153 Executing VM operation: GenCollectForAllocation done
Event: 3.201 Executing VM operation: GenCollectForAllocation


Dynamic libraries:
0x013d0000 - 0x01403000 	C:\Program Files\Java\jdk1.8.0_60\bin\java.exe
0x77010000 - 0x77179000 	C:\Windows\SYSTEM32\ntdll.dll
0x750d0000 - 0x751d0000 	C:\Windows\system32\KERNEL32.DLL
0x74a40000 - 0x74b19000 	C:\Windows\system32\KERNELBASE.dll
0x73790000 - 0x73830000 	C:\Windows\system32\apphelp.dll
0x78c40000 - 0x78ea6000 	C:\Windows\AppPatch\AcGenral.DLL
0x768b0000 - 0x76973000 	C:\Windows\system32\msvcrt.dll
0x76a00000 - 0x76a41000 	C:\Windows\SYSTEM32\sechost.dll
0x74650000 - 0x74674000 	C:\Windows\SYSTEM32\SspiCli.dll
0x76cb0000 - 0x76cf5000 	C:\Windows\system32\SHLWAPI.dll
0x73880000 - 0x7396e000 	C:\Windows\SYSTEM32\UxTheme.dll
0x74dc0000 - 0x74f15000 	C:\Windows\system32\USER32.dll
0x74fb0000 - 0x750c3000 	C:\Windows\system32\GDI32.dll
0x6c690000 - 0x6c6b3000 	C:\Windows\SYSTEM32\WINMM.dll
0x6f380000 - 0x6f393000 	C:\Windows\SYSTEM32\samcli.dll
0x76640000 - 0x76769000 	C:\Windows\system32\ole32.dll
0x76780000 - 0x76815000 	C:\Windows\system32\OLEAUT32.dll
0x5d700000 - 0x5d717000 	C:\Windows\SYSTEM32\MSACM32.dll
0x6f6c0000 - 0x6f6c8000 	C:\Windows\SYSTEM32\VERSION.dll
0x75330000 - 0x765dd000 	C:\Windows\system32\SHELL32.dll
0x73fd0000 - 0x73feb000 	C:\Windows\SYSTEM32\USERENV.dll
0x731c0000 - 0x731da000 	C:\Windows\SYSTEM32\dwmapi.dll
0x6c380000 - 0x6c4ca000 	C:\Windows\SYSTEM32\urlmon.dll
0x76980000 - 0x769fc000 	C:\Windows\system32\ADVAPI32.dll
0x6b4b0000 - 0x6b515000 	C:\Windows\SYSTEM32\WINSPOOL.DRV
0x6deb0000 - 0x6dec6000 	C:\Windows\SYSTEM32\MPR.dll
0x75260000 - 0x75330000 	C:\Windows\system32\RPCRT4.dll
0x76e70000 - 0x76fed000 	C:\Windows\SYSTEM32\combase.dll
0x6c660000 - 0x6c683000 	C:\Windows\SYSTEM32\WINMMBASE.dll
0x74830000 - 0x7483f000 	C:\Windows\SYSTEM32\profapi.dll
0x6f0e0000 - 0x6f312000 	C:\Windows\SYSTEM32\iertutil.dll
0x6f4d0000 - 0x6f6b4000 	C:\Windows\SYSTEM32\WININET.dll
0x74b20000 - 0x74b5c000 	C:\Windows\SYSTEM32\cfgmgr32.dll
0x739b0000 - 0x739d1000 	C:\Windows\SYSTEM32\DEVOBJ.dll
0x74f20000 - 0x74fab000 	C:\Windows\system32\SHCORE.DLL
0x75230000 - 0x75256000 	C:\Windows\system32\IMM32.DLL
0x74c30000 - 0x74d42000 	C:\Windows\system32\MSCTF.dll
0x72b00000 - 0x72d06000 	C:\Windows\WinSxS\x86_microsoft.windows.common-controls_6595b64144ccf1df_6.0.9600.17810_none_a9edf09f013934e0\COMCTL32.dll
0x56bc0000 - 0x56c7f000 	C:\Program Files\Java\jdk1.8.0_60\jre\bin\msvcr100.dll
0x02010000 - 0x023d5000 	C:\Program Files\Java\jdk1.8.0_60\jre\bin\client\jvm.dll
0x6f830000 - 0x6f838000 	C:\Windows\SYSTEM32\WSOCK32.dll
0x76ff0000 - 0x76ff6000 	C:\Windows\system32\PSAPI.DLL
0x74d50000 - 0x74da0000 	C:\Windows\system32\WS2_32.dll
0x77000000 - 0x77007000 	C:\Windows\system32\NSI.dll
0x6a3a0000 - 0x6a3ac000 	C:\Program Files\Java\jdk1.8.0_60\jre\bin\verify.dll
0x648d0000 - 0x648f1000 	C:\Program Files\Java\jdk1.8.0_60\jre\bin\java.dll
0x652f0000 - 0x65303000 	C:\Program Files\Java\jdk1.8.0_60\jre\bin\zip.dll

VM Arguments:
jvm_args: -Xmx1024M -Dfile.encoding=windows-1251 -Duser.country=RU -Duser.language=ru -Duser.variant 
java_command: com.android.dx.command.Main --dex --output C:\Users\Alexandr\IdeaProjects\NavigationSysApp\app\build\intermediates\pre-dexed\debug\classes-f3b4dd03b02319e4825acff2344a69ac93500556.jar C:\Users\Alexandr\IdeaProjects\NavigationSysApp\app\build\intermediates\exploded-aar\com.android.support\appcompat-v7\23.0.1\classes.jar
java_class_path (initial): C:\Users\Alexandr\AppData\Local\Android\android-sdk\build-tools\23.0.1\lib\dx.jar
Launcher Type: SUN_STANDARD

Environment Variables:
PATH=C:\ProgramData\Oracle\Java\javapath;C:\Program Files\Intel\iCLS Client\;C:\Windows\system32;C:\Windows;C:\Windows\System32\Wbem;C:\Windows\System32\WindowsPowerShell\v1.0\;C:\Program Files\Intel\Intel(R) Management Engine Components\DAL;C:\Program Files\Intel\Intel(R) Management Engine Components\IPT
USERNAME=Alexandr
OS=Windows_NT
PROCESSOR_IDENTIFIER=x86 Family 6 Model 69 Stepping 1, GenuineIntel



---------------  S Y S T E M  ---------------

OS: Windows 8.1 Build 9600 (6.3.9600.17415)

CPU:total 2 (2 cores per cpu, 1 threads per core) family 6 model 69 stepping 1, cmov, cx8, fxsr, mmx, sse, sse2, sse3, ssse3, sse4.1, sse4.2, popcnt, clmul, erms, lzcnt, tsc, tscinvbit

Memory: 4k page, physical 2787692k(343640k free), swap 3299692k(3756k free)

vm_info: Java HotSpot(TM) Client VM (25.60-b23) for windows-x86 JRE (1.8.0_60-b27), built on Aug  4 2015 10:57:40 by "java_re" with MS VC++ 10.0 (VS2010)

time: Mon Sep 14 15:38:23 2015
elapsed time: 3 seconds (0d 0h 0m 3s)

